Scanning and sending data to bob, alice...
Done!
Train Epoch: 1 [0/60032 (0%)]	Loss: 2.305134
Train Epoch: 1 [1920/60032 (3%)]	Loss: 2.156802
Train Epoch: 1 [3840/60032 (6%)]	Loss: 1.896587
Train Epoch: 1 [5760/60032 (10%)]	Loss: 1.440329
Train Epoch: 1 [7680/60032 (13%)]	Loss: 0.867023
Train Epoch: 1 [9600/60032 (16%)]	Loss: 0.654317
Train Epoch: 1 [11520/60032 (19%)]	Loss: 0.593098
Train Epoch: 1 [13440/60032 (22%)]	Loss: 0.455327
Train Epoch: 1 [15360/60032 (26%)]	Loss: 0.371130
Train Epoch: 1 [17280/60032 (29%)]	Loss: 0.304581
Train Epoch: 1 [19200/60032 (32%)]	Loss: 0.314204
Train Epoch: 1 [21120/60032 (35%)]	Loss: 0.369250
Train Epoch: 1 [23040/60032 (38%)]	Loss: 0.237998
Train Epoch: 1 [24960/60032 (42%)]	Loss: 0.187592
Train Epoch: 1 [26880/60032 (45%)]	Loss: 0.523323
Train Epoch: 1 [28800/60032 (48%)]	Loss: 0.225017
Train Epoch: 1 [30720/60032 (51%)]	Loss: 0.174706
Train Epoch: 1 [32640/60032 (54%)]	Loss: 0.200164
Train Epoch: 1 [34560/60032 (58%)]	Loss: 0.208868
Train Epoch: 1 [36480/60032 (61%)]	Loss: 0.312140
Train Epoch: 1 [38400/60032 (64%)]	Loss: 0.138904
Train Epoch: 1 [40320/60032 (67%)]	Loss: 0.333232
Train Epoch: 1 [42240/60032 (70%)]	Loss: 0.186592
Train Epoch: 1 [44160/60032 (74%)]	Loss: 0.199080
Train Epoch: 1 [46080/60032 (77%)]	Loss: 0.251701
Train Epoch: 1 [48000/60032 (80%)]	Loss: 0.419921
Train Epoch: 1 [49920/60032 (83%)]	Loss: 0.274839
Train Epoch: 1 [51840/60032 (86%)]	Loss: 0.055349
Train Epoch: 1 [53760/60032 (90%)]	Loss: 0.164475
Train Epoch: 1 [55680/60032 (93%)]	Loss: 0.279811
Train Epoch: 1 [57600/60032 (96%)]	Loss: 0.069387
Train Epoch: 1 [59520/60032 (99%)]	Loss: 0.109448

Test set: Average loss: 0.1535, Accuracy: 9530/10000 (95%)

Train Epoch: 2 [0/60032 (0%)]	Loss: 0.113887
Train Epoch: 2 [1920/60032 (3%)]	Loss: 0.106774
Train Epoch: 2 [3840/60032 (6%)]	Loss: 0.179945
Train Epoch: 2 [5760/60032 (10%)]	Loss: 0.089999
Train Epoch: 2 [7680/60032 (13%)]	Loss: 0.126628
Train Epoch: 2 [9600/60032 (16%)]	Loss: 0.138485
Train Epoch: 2 [11520/60032 (19%)]	Loss: 0.087648
Train Epoch: 2 [13440/60032 (22%)]	Loss: 0.075367
Train Epoch: 2 [15360/60032 (26%)]	Loss: 0.074991
Train Epoch: 2 [17280/60032 (29%)]	Loss: 0.169667
Train Epoch: 2 [19200/60032 (32%)]	Loss: 0.105804
Train Epoch: 2 [21120/60032 (35%)]	Loss: 0.153703
Train Epoch: 2 [23040/60032 (38%)]	Loss: 0.174676
Train Epoch: 2 [24960/60032 (42%)]	Loss: 0.242372
Train Epoch: 2 [26880/60032 (45%)]	Loss: 0.258917
Train Epoch: 2 [28800/60032 (48%)]	Loss: 0.103551
Train Epoch: 2 [30720/60032 (51%)]	Loss: 0.046845
Train Epoch: 2 [32640/60032 (54%)]	Loss: 0.165408
Train Epoch: 2 [34560/60032 (58%)]	Loss: 0.132330
Train Epoch: 2 [36480/60032 (61%)]	Loss: 0.079834
Train Epoch: 2 [38400/60032 (64%)]	Loss: 0.231222
Train Epoch: 2 [40320/60032 (67%)]	Loss: 0.097241
Train Epoch: 2 [42240/60032 (70%)]	Loss: 0.144596
Train Epoch: 2 [44160/60032 (74%)]	Loss: 0.048786
Train Epoch: 2 [46080/60032 (77%)]	Loss: 0.071466
Train Epoch: 2 [48000/60032 (80%)]	Loss: 0.068064
Train Epoch: 2 [49920/60032 (83%)]	Loss: 0.133559
Train Epoch: 2 [51840/60032 (86%)]	Loss: 0.037036
Train Epoch: 2 [53760/60032 (90%)]	Loss: 0.064587
Train Epoch: 2 [55680/60032 (93%)]	Loss: 0.148524
Train Epoch: 2 [57600/60032 (96%)]	Loss: 0.140732
Train Epoch: 2 [59520/60032 (99%)]	Loss: 0.068041

Test set: Average loss: 0.0899, Accuracy: 9730/10000 (97%)

Train Epoch: 3 [0/60032 (0%)]	Loss: 0.093054
Train Epoch: 3 [1920/60032 (3%)]	Loss: 0.043840
Train Epoch: 3 [3840/60032 (6%)]	Loss: 0.198715
Train Epoch: 3 [5760/60032 (10%)]	Loss: 0.067736
Train Epoch: 3 [7680/60032 (13%)]	Loss: 0.130487
Train Epoch: 3 [9600/60032 (16%)]	Loss: 0.255407
Train Epoch: 3 [11520/60032 (19%)]	Loss: 0.257782
Train Epoch: 3 [13440/60032 (22%)]	Loss: 0.064262
Train Epoch: 3 [15360/60032 (26%)]	Loss: 0.229866
Train Epoch: 3 [17280/60032 (29%)]	Loss: 0.186008
Train Epoch: 3 [19200/60032 (32%)]	Loss: 0.039081
Train Epoch: 3 [21120/60032 (35%)]	Loss: 0.050824
Train Epoch: 3 [23040/60032 (38%)]	Loss: 0.078507
Train Epoch: 3 [24960/60032 (42%)]	Loss: 0.020826
Train Epoch: 3 [26880/60032 (45%)]	Loss: 0.401790
Train Epoch: 3 [28800/60032 (48%)]	Loss: 0.098533
Train Epoch: 3 [30720/60032 (51%)]	Loss: 0.072531
Train Epoch: 3 [32640/60032 (54%)]	Loss: 0.025906
Train Epoch: 3 [34560/60032 (58%)]	Loss: 0.100815
Train Epoch: 3 [36480/60032 (61%)]	Loss: 0.035582
Train Epoch: 3 [38400/60032 (64%)]	Loss: 0.016315
Train Epoch: 3 [40320/60032 (67%)]	Loss: 0.093863
Train Epoch: 3 [42240/60032 (70%)]	Loss: 0.127369
Train Epoch: 3 [44160/60032 (74%)]	Loss: 0.068409
Train Epoch: 3 [46080/60032 (77%)]	Loss: 0.091947
Train Epoch: 3 [48000/60032 (80%)]	Loss: 0.019958
Train Epoch: 3 [49920/60032 (83%)]	Loss: 0.056381
Train Epoch: 3 [51840/60032 (86%)]	Loss: 0.037368
Train Epoch: 3 [53760/60032 (90%)]	Loss: 0.064547
Train Epoch: 3 [55680/60032 (93%)]	Loss: 0.061454
Train Epoch: 3 [57600/60032 (96%)]	Loss: 0.041012
Train Epoch: 3 [59520/60032 (99%)]	Loss: 0.594267

Test set: Average loss: 0.0756, Accuracy: 9754/10000 (98%)

Train Epoch: 4 [0/60032 (0%)]	Loss: 0.189510
Train Epoch: 4 [1920/60032 (3%)]	Loss: 0.071024
Train Epoch: 4 [3840/60032 (6%)]	Loss: 0.039696
Train Epoch: 4 [5760/60032 (10%)]	Loss: 0.115225
Train Epoch: 4 [7680/60032 (13%)]	Loss: 0.050016
Train Epoch: 4 [9600/60032 (16%)]	Loss: 0.019358
Train Epoch: 4 [11520/60032 (19%)]	Loss: 0.043501
Train Epoch: 4 [13440/60032 (22%)]	Loss: 0.154483
Train Epoch: 4 [15360/60032 (26%)]	Loss: 0.049596
Train Epoch: 4 [17280/60032 (29%)]	Loss: 0.039243
Train Epoch: 4 [19200/60032 (32%)]	Loss: 0.113837
Train Epoch: 4 [21120/60032 (35%)]	Loss: 0.014731
Train Epoch: 4 [23040/60032 (38%)]	Loss: 0.039608
Train Epoch: 4 [24960/60032 (42%)]	Loss: 0.191845
Train Epoch: 4 [26880/60032 (45%)]	Loss: 0.236906
Train Epoch: 4 [28800/60032 (48%)]	Loss: 0.083626
Train Epoch: 4 [30720/60032 (51%)]	Loss: 0.015707
Train Epoch: 4 [32640/60032 (54%)]	Loss: 0.212216
Train Epoch: 4 [34560/60032 (58%)]	Loss: 0.031654
Train Epoch: 4 [36480/60032 (61%)]	Loss: 0.018050
Train Epoch: 4 [38400/60032 (64%)]	Loss: 0.052533
Train Epoch: 4 [40320/60032 (67%)]	Loss: 0.066547
Train Epoch: 4 [42240/60032 (70%)]	Loss: 0.139225
Train Epoch: 4 [44160/60032 (74%)]	Loss: 0.079203
Train Epoch: 4 [46080/60032 (77%)]	Loss: 0.016434
Train Epoch: 4 [48000/60032 (80%)]	Loss: 0.020402
Train Epoch: 4 [49920/60032 (83%)]	Loss: 0.200444
Train Epoch: 4 [51840/60032 (86%)]	Loss: 0.101455
Train Epoch: 4 [53760/60032 (90%)]	Loss: 0.066771
Train Epoch: 4 [55680/60032 (93%)]	Loss: 0.079934
Train Epoch: 4 [57600/60032 (96%)]	Loss: 0.093773
Train Epoch: 4 [59520/60032 (99%)]	Loss: 0.018755

Test set: Average loss: 0.0565, Accuracy: 9807/10000 (98%)

Train Epoch: 5 [0/60032 (0%)]	Loss: 0.070424
Train Epoch: 5 [1920/60032 (3%)]	Loss: 0.047442
Train Epoch: 5 [3840/60032 (6%)]	Loss: 0.009104
Train Epoch: 5 [5760/60032 (10%)]	Loss: 0.047514
Train Epoch: 5 [7680/60032 (13%)]	Loss: 0.099600
Train Epoch: 5 [9600/60032 (16%)]	Loss: 0.026412
Train Epoch: 5 [11520/60032 (19%)]	Loss: 0.198956
Train Epoch: 5 [13440/60032 (22%)]	Loss: 0.011715
Train Epoch: 5 [15360/60032 (26%)]	Loss: 0.158920
Train Epoch: 5 [17280/60032 (29%)]	Loss: 0.066645
Train Epoch: 5 [19200/60032 (32%)]	Loss: 0.038905
Train Epoch: 5 [21120/60032 (35%)]	Loss: 0.061287
Train Epoch: 5 [23040/60032 (38%)]	Loss: 0.023291
Train Epoch: 5 [24960/60032 (42%)]	Loss: 0.015565
Train Epoch: 5 [26880/60032 (45%)]	Loss: 0.020845
Train Epoch: 5 [28800/60032 (48%)]	Loss: 0.030119
Train Epoch: 5 [30720/60032 (51%)]	Loss: 0.051036
Train Epoch: 5 [32640/60032 (54%)]	Loss: 0.069659
Train Epoch: 5 [34560/60032 (58%)]	Loss: 0.140674
Train Epoch: 5 [36480/60032 (61%)]	Loss: 0.053812
Train Epoch: 5 [38400/60032 (64%)]	Loss: 0.017213
Train Epoch: 5 [40320/60032 (67%)]	Loss: 0.013397
Train Epoch: 5 [42240/60032 (70%)]	Loss: 0.020619
Train Epoch: 5 [44160/60032 (74%)]	Loss: 0.020188
Train Epoch: 5 [46080/60032 (77%)]	Loss: 0.022243
Train Epoch: 5 [48000/60032 (80%)]	Loss: 0.016595
Train Epoch: 5 [49920/60032 (83%)]	Loss: 0.081501
Train Epoch: 5 [51840/60032 (86%)]	Loss: 0.035390
Train Epoch: 5 [53760/60032 (90%)]	Loss: 0.008568
Train Epoch: 5 [55680/60032 (93%)]	Loss: 0.075006
Train Epoch: 5 [57600/60032 (96%)]	Loss: 0.039519
Train Epoch: 5 [59520/60032 (99%)]	Loss: 0.023806

Test set: Average loss: 0.0470, Accuracy: 9846/10000 (98%)

Train Epoch: 6 [0/60032 (0%)]	Loss: 0.051834
Train Epoch: 6 [1920/60032 (3%)]	Loss: 0.103916
Train Epoch: 6 [3840/60032 (6%)]	Loss: 0.005404
Train Epoch: 6 [5760/60032 (10%)]	Loss: 0.112825
Train Epoch: 6 [7680/60032 (13%)]	Loss: 0.013950
Train Epoch: 6 [9600/60032 (16%)]	Loss: 0.018256
Train Epoch: 6 [11520/60032 (19%)]	Loss: 0.024531
Train Epoch: 6 [13440/60032 (22%)]	Loss: 0.064802
Train Epoch: 6 [15360/60032 (26%)]	Loss: 0.099706
Train Epoch: 6 [17280/60032 (29%)]	Loss: 0.085694
Train Epoch: 6 [19200/60032 (32%)]	Loss: 0.067789
Train Epoch: 6 [21120/60032 (35%)]	Loss: 0.081222
Train Epoch: 6 [23040/60032 (38%)]	Loss: 0.042620
Train Epoch: 6 [24960/60032 (42%)]	Loss: 0.006916
Train Epoch: 6 [26880/60032 (45%)]	Loss: 0.038010
Train Epoch: 6 [28800/60032 (48%)]	Loss: 0.015779
Train Epoch: 6 [30720/60032 (51%)]	Loss: 0.015053
Train Epoch: 6 [32640/60032 (54%)]	Loss: 0.010871
Train Epoch: 6 [34560/60032 (58%)]	Loss: 0.019545
Train Epoch: 6 [36480/60032 (61%)]	Loss: 0.057359
Train Epoch: 6 [38400/60032 (64%)]	Loss: 0.007954
Train Epoch: 6 [40320/60032 (67%)]	Loss: 0.098540
Train Epoch: 6 [42240/60032 (70%)]	Loss: 0.048733
Train Epoch: 6 [44160/60032 (74%)]	Loss: 0.013821
Train Epoch: 6 [46080/60032 (77%)]	Loss: 0.045168
Train Epoch: 6 [48000/60032 (80%)]	Loss: 0.086969
Train Epoch: 6 [49920/60032 (83%)]	Loss: 0.027098
Train Epoch: 6 [51840/60032 (86%)]	Loss: 0.019851
Train Epoch: 6 [53760/60032 (90%)]	Loss: 0.057166
Train Epoch: 6 [55680/60032 (93%)]	Loss: 0.016103
Train Epoch: 6 [57600/60032 (96%)]	Loss: 0.152302
Train Epoch: 6 [59520/60032 (99%)]	Loss: 0.007434

Test set: Average loss: 0.0468, Accuracy: 9841/10000 (98%)

Train Epoch: 7 [0/60032 (0%)]	Loss: 0.082092
Train Epoch: 7 [1920/60032 (3%)]	Loss: 0.037573
Train Epoch: 7 [3840/60032 (6%)]	Loss: 0.022808
Train Epoch: 7 [5760/60032 (10%)]	Loss: 0.050036
Train Epoch: 7 [7680/60032 (13%)]	Loss: 0.056311
Train Epoch: 7 [9600/60032 (16%)]	Loss: 0.043625
Train Epoch: 7 [11520/60032 (19%)]	Loss: 0.094237
Train Epoch: 7 [13440/60032 (22%)]	Loss: 0.032472
Train Epoch: 7 [15360/60032 (26%)]	Loss: 0.025303
Train Epoch: 7 [17280/60032 (29%)]	Loss: 0.095847
Train Epoch: 7 [19200/60032 (32%)]	Loss: 0.133222
Train Epoch: 7 [21120/60032 (35%)]	Loss: 0.075360
Train Epoch: 7 [23040/60032 (38%)]	Loss: 0.004821
Train Epoch: 7 [24960/60032 (42%)]	Loss: 0.050944
Train Epoch: 7 [26880/60032 (45%)]	Loss: 0.035975
Train Epoch: 7 [28800/60032 (48%)]	Loss: 0.004107
Train Epoch: 7 [30720/60032 (51%)]	Loss: 0.007896
Train Epoch: 7 [32640/60032 (54%)]	Loss: 0.074933
Train Epoch: 7 [34560/60032 (58%)]	Loss: 0.039604
Train Epoch: 7 [36480/60032 (61%)]	Loss: 0.003536
Train Epoch: 7 [38400/60032 (64%)]	Loss: 0.045391
Train Epoch: 7 [40320/60032 (67%)]	Loss: 0.035920
Train Epoch: 7 [42240/60032 (70%)]	Loss: 0.011201
Train Epoch: 7 [44160/60032 (74%)]	Loss: 0.010545
Train Epoch: 7 [46080/60032 (77%)]	Loss: 0.034975
Train Epoch: 7 [48000/60032 (80%)]	Loss: 0.051874
Train Epoch: 7 [49920/60032 (83%)]	Loss: 0.090811
Train Epoch: 7 [51840/60032 (86%)]	Loss: 0.022508
Train Epoch: 7 [53760/60032 (90%)]	Loss: 0.049925
Train Epoch: 7 [55680/60032 (93%)]	Loss: 0.006122
Train Epoch: 7 [57600/60032 (96%)]	Loss: 0.225107
Train Epoch: 7 [59520/60032 (99%)]	Loss: 0.049385

Test set: Average loss: 0.0459, Accuracy: 9856/10000 (99%)

Train Epoch: 8 [0/60032 (0%)]	Loss: 0.050888
Train Epoch: 8 [1920/60032 (3%)]	Loss: 0.045416
Train Epoch: 8 [3840/60032 (6%)]	Loss: 0.073457
Train Epoch: 8 [5760/60032 (10%)]	Loss: 0.114779
Train Epoch: 8 [7680/60032 (13%)]	Loss: 0.016011
Train Epoch: 8 [9600/60032 (16%)]	Loss: 0.014694
Train Epoch: 8 [11520/60032 (19%)]	Loss: 0.003944
Train Epoch: 8 [13440/60032 (22%)]	Loss: 0.062473
Train Epoch: 8 [15360/60032 (26%)]	Loss: 0.012461
Train Epoch: 8 [17280/60032 (29%)]	Loss: 0.024032
Train Epoch: 8 [19200/60032 (32%)]	Loss: 0.025734
Train Epoch: 8 [21120/60032 (35%)]	Loss: 0.003101
Train Epoch: 8 [23040/60032 (38%)]	Loss: 0.119679
Train Epoch: 8 [24960/60032 (42%)]	Loss: 0.091022
Train Epoch: 8 [26880/60032 (45%)]	Loss: 0.003889
Train Epoch: 8 [28800/60032 (48%)]	Loss: 0.004122
Train Epoch: 8 [30720/60032 (51%)]	Loss: 0.048055
Train Epoch: 8 [32640/60032 (54%)]	Loss: 0.008333
Train Epoch: 8 [34560/60032 (58%)]	Loss: 0.022936
Train Epoch: 8 [36480/60032 (61%)]	Loss: 0.039283
Train Epoch: 8 [38400/60032 (64%)]	Loss: 0.014717
Train Epoch: 8 [40320/60032 (67%)]	Loss: 0.046131
Train Epoch: 8 [42240/60032 (70%)]	Loss: 0.044469
Train Epoch: 8 [44160/60032 (74%)]	Loss: 0.018923
Train Epoch: 8 [46080/60032 (77%)]	Loss: 0.060069
Train Epoch: 8 [48000/60032 (80%)]	Loss: 0.031118
Train Epoch: 8 [49920/60032 (83%)]	Loss: 0.016052
Train Epoch: 8 [51840/60032 (86%)]	Loss: 0.040287
Train Epoch: 8 [53760/60032 (90%)]	Loss: 0.047834
Train Epoch: 8 [55680/60032 (93%)]	Loss: 0.011195
Train Epoch: 8 [57600/60032 (96%)]	Loss: 0.122073
Train Epoch: 8 [59520/60032 (99%)]	Loss: 0.185887

Test set: Average loss: 0.0357, Accuracy: 9890/10000 (99%)

Train Epoch: 9 [0/60032 (0%)]	Loss: 0.005123
Train Epoch: 9 [1920/60032 (3%)]	Loss: 0.013966
Train Epoch: 9 [3840/60032 (6%)]	Loss: 0.015903
Train Epoch: 9 [5760/60032 (10%)]	Loss: 0.023748
Train Epoch: 9 [7680/60032 (13%)]	Loss: 0.074089
Train Epoch: 9 [9600/60032 (16%)]	Loss: 0.013376
Train Epoch: 9 [11520/60032 (19%)]	Loss: 0.082935
Train Epoch: 9 [13440/60032 (22%)]	Loss: 0.005349
Train Epoch: 9 [15360/60032 (26%)]	Loss: 0.035953
Train Epoch: 9 [17280/60032 (29%)]	Loss: 0.048547
Train Epoch: 9 [19200/60032 (32%)]	Loss: 0.028318
Train Epoch: 9 [21120/60032 (35%)]	Loss: 0.010959
Train Epoch: 9 [23040/60032 (38%)]	Loss: 0.009203
Train Epoch: 9 [24960/60032 (42%)]	Loss: 0.055615
Train Epoch: 9 [26880/60032 (45%)]	Loss: 0.051377
Train Epoch: 9 [28800/60032 (48%)]	Loss: 0.179085
Train Epoch: 9 [30720/60032 (51%)]	Loss: 0.007777
Train Epoch: 9 [32640/60032 (54%)]	Loss: 0.032901
Train Epoch: 9 [34560/60032 (58%)]	Loss: 0.033708
Train Epoch: 9 [36480/60032 (61%)]	Loss: 0.006141
Train Epoch: 9 [38400/60032 (64%)]	Loss: 0.014920
Train Epoch: 9 [40320/60032 (67%)]	Loss: 0.003004
Train Epoch: 9 [42240/60032 (70%)]	Loss: 0.052313
Train Epoch: 9 [44160/60032 (74%)]	Loss: 0.006196
Train Epoch: 9 [46080/60032 (77%)]	Loss: 0.020509
Train Epoch: 9 [48000/60032 (80%)]	Loss: 0.013087
Train Epoch: 9 [49920/60032 (83%)]	Loss: 0.009467
Train Epoch: 9 [51840/60032 (86%)]	Loss: 0.076188
Train Epoch: 9 [53760/60032 (90%)]	Loss: 0.002664
Train Epoch: 9 [55680/60032 (93%)]	Loss: 0.012453
Train Epoch: 9 [57600/60032 (96%)]	Loss: 0.009384
Train Epoch: 9 [59520/60032 (99%)]	Loss: 0.001245

Test set: Average loss: 0.0351, Accuracy: 9882/10000 (99%)

Train Epoch: 10 [0/60032 (0%)]	Loss: 0.004602
Train Epoch: 10 [1920/60032 (3%)]	Loss: 0.012859
Train Epoch: 10 [3840/60032 (6%)]	Loss: 0.038109
Train Epoch: 10 [5760/60032 (10%)]	Loss: 0.003156
Train Epoch: 10 [7680/60032 (13%)]	Loss: 0.122851
Train Epoch: 10 [9600/60032 (16%)]	Loss: 0.003845
Train Epoch: 10 [11520/60032 (19%)]	Loss: 0.039543
Train Epoch: 10 [13440/60032 (22%)]	Loss: 0.006888
Train Epoch: 10 [15360/60032 (26%)]	Loss: 0.003216
Train Epoch: 10 [17280/60032 (29%)]	Loss: 0.004699
Train Epoch: 10 [19200/60032 (32%)]	Loss: 0.064840
Train Epoch: 10 [21120/60032 (35%)]	Loss: 0.048290
Train Epoch: 10 [23040/60032 (38%)]	Loss: 0.271151
Train Epoch: 10 [24960/60032 (42%)]	Loss: 0.006633
Train Epoch: 10 [26880/60032 (45%)]	Loss: 0.005558
Train Epoch: 10 [28800/60032 (48%)]	Loss: 0.007492
Train Epoch: 10 [30720/60032 (51%)]	Loss: 0.004949
Train Epoch: 10 [32640/60032 (54%)]	Loss: 0.004138
Train Epoch: 10 [34560/60032 (58%)]	Loss: 0.045033
Train Epoch: 10 [36480/60032 (61%)]	Loss: 0.026946
Train Epoch: 10 [38400/60032 (64%)]	Loss: 0.020365
Train Epoch: 10 [40320/60032 (67%)]	Loss: 0.104039
Train Epoch: 10 [42240/60032 (70%)]	Loss: 0.017081
Train Epoch: 10 [44160/60032 (74%)]	Loss: 0.006133
Train Epoch: 10 [46080/60032 (77%)]	Loss: 0.004630
Train Epoch: 10 [48000/60032 (80%)]	Loss: 0.102847
Train Epoch: 10 [49920/60032 (83%)]	Loss: 0.043345
Train Epoch: 10 [51840/60032 (86%)]	Loss: 0.003134
Train Epoch: 10 [53760/60032 (90%)]	Loss: 0.128753
Train Epoch: 10 [55680/60032 (93%)]	Loss: 0.003472
Train Epoch: 10 [57600/60032 (96%)]	Loss: 0.010969
Train Epoch: 10 [59520/60032 (99%)]	Loss: 0.012316

Test set: Average loss: 0.0326, Accuracy: 9891/10000 (99%)

Train Epoch: 11 [0/60032 (0%)]	Loss: 0.035810
Train Epoch: 11 [1920/60032 (3%)]	Loss: 0.034224
Train Epoch: 11 [3840/60032 (6%)]	Loss: 0.036859
Train Epoch: 11 [5760/60032 (10%)]	Loss: 0.003729
Train Epoch: 11 [7680/60032 (13%)]	Loss: 0.028820
Train Epoch: 11 [9600/60032 (16%)]	Loss: 0.009230
Train Epoch: 11 [11520/60032 (19%)]	Loss: 0.013119
Train Epoch: 11 [13440/60032 (22%)]	Loss: 0.004298
Train Epoch: 11 [15360/60032 (26%)]	Loss: 0.014459
Train Epoch: 11 [17280/60032 (29%)]	Loss: 0.018264
Train Epoch: 11 [19200/60032 (32%)]	Loss: 0.012333
Train Epoch: 11 [21120/60032 (35%)]	Loss: 0.013612
Train Epoch: 11 [23040/60032 (38%)]	Loss: 0.137336
Train Epoch: 11 [24960/60032 (42%)]	Loss: 0.019141
Train Epoch: 11 [26880/60032 (45%)]	Loss: 0.021977
Train Epoch: 11 [28800/60032 (48%)]	Loss: 0.009807
Train Epoch: 11 [30720/60032 (51%)]	Loss: 0.004640
Train Epoch: 11 [32640/60032 (54%)]	Loss: 0.063099
Train Epoch: 11 [34560/60032 (58%)]	Loss: 0.133601
Train Epoch: 11 [36480/60032 (61%)]	Loss: 0.012571
Train Epoch: 11 [38400/60032 (64%)]	Loss: 0.018772
Train Epoch: 11 [40320/60032 (67%)]	Loss: 0.028534
Train Epoch: 11 [42240/60032 (70%)]	Loss: 0.171561
Train Epoch: 11 [44160/60032 (74%)]	Loss: 0.027744
Train Epoch: 11 [46080/60032 (77%)]	Loss: 0.001164
Train Epoch: 11 [48000/60032 (80%)]	Loss: 0.026033
Train Epoch: 11 [49920/60032 (83%)]	Loss: 0.003597
Train Epoch: 11 [51840/60032 (86%)]	Loss: 0.003776
Train Epoch: 11 [53760/60032 (90%)]	Loss: 0.001401
Train Epoch: 11 [55680/60032 (93%)]	Loss: 0.091490
Train Epoch: 11 [57600/60032 (96%)]	Loss: 0.010315
Train Epoch: 11 [59520/60032 (99%)]	Loss: 0.043760

Test set: Average loss: 0.0329, Accuracy: 9887/10000 (99%)

Train Epoch: 12 [0/60032 (0%)]	Loss: 0.005651
Train Epoch: 12 [1920/60032 (3%)]	Loss: 0.014139
Train Epoch: 12 [3840/60032 (6%)]	Loss: 0.005370
Train Epoch: 12 [5760/60032 (10%)]	Loss: 0.043380
Train Epoch: 12 [7680/60032 (13%)]	Loss: 0.028297
Train Epoch: 12 [9600/60032 (16%)]	Loss: 0.100885
Train Epoch: 12 [11520/60032 (19%)]	Loss: 0.007291
Train Epoch: 12 [13440/60032 (22%)]	Loss: 0.072360
Train Epoch: 12 [15360/60032 (26%)]	Loss: 0.041460
Train Epoch: 12 [17280/60032 (29%)]	Loss: 0.055685
Train Epoch: 12 [19200/60032 (32%)]	Loss: 0.012570
Train Epoch: 12 [21120/60032 (35%)]	Loss: 0.024907
Train Epoch: 12 [23040/60032 (38%)]	Loss: 0.019195
Train Epoch: 12 [24960/60032 (42%)]	Loss: 0.035938
Train Epoch: 12 [26880/60032 (45%)]	Loss: 0.084105
Train Epoch: 12 [28800/60032 (48%)]	Loss: 0.068090
Train Epoch: 12 [30720/60032 (51%)]	Loss: 0.008990
Train Epoch: 12 [32640/60032 (54%)]	Loss: 0.084473
Train Epoch: 12 [34560/60032 (58%)]	Loss: 0.032773
Train Epoch: 12 [36480/60032 (61%)]	Loss: 0.015814
Train Epoch: 12 [38400/60032 (64%)]	Loss: 0.008040
Train Epoch: 12 [40320/60032 (67%)]	Loss: 0.013697
Train Epoch: 12 [42240/60032 (70%)]	Loss: 0.018405
Train Epoch: 12 [44160/60032 (74%)]	Loss: 0.005923
Train Epoch: 12 [46080/60032 (77%)]	Loss: 0.011800
Train Epoch: 12 [48000/60032 (80%)]	Loss: 0.092634
Train Epoch: 12 [49920/60032 (83%)]	Loss: 0.006337
Train Epoch: 12 [51840/60032 (86%)]	Loss: 0.008357
Train Epoch: 12 [53760/60032 (90%)]	Loss: 0.006276
Train Epoch: 12 [55680/60032 (93%)]	Loss: 0.018939
Train Epoch: 12 [57600/60032 (96%)]	Loss: 0.099853
Train Epoch: 12 [59520/60032 (99%)]	Loss: 0.003452

Test set: Average loss: 0.0301, Accuracy: 9895/10000 (99%)

Train Epoch: 13 [0/60032 (0%)]	Loss: 0.033919
Train Epoch: 13 [1920/60032 (3%)]	Loss: 0.018070
Train Epoch: 13 [3840/60032 (6%)]	Loss: 0.013064
Train Epoch: 13 [5760/60032 (10%)]	Loss: 0.001882
Train Epoch: 13 [7680/60032 (13%)]	Loss: 0.009327
Train Epoch: 13 [9600/60032 (16%)]	Loss: 0.004691
Train Epoch: 13 [11520/60032 (19%)]	Loss: 0.012846
Train Epoch: 13 [13440/60032 (22%)]	Loss: 0.042772
Train Epoch: 13 [15360/60032 (26%)]	Loss: 0.003390
Train Epoch: 13 [17280/60032 (29%)]	Loss: 0.048569
Train Epoch: 13 [19200/60032 (32%)]	Loss: 0.000601
Train Epoch: 13 [21120/60032 (35%)]	Loss: 0.032230
Train Epoch: 13 [23040/60032 (38%)]	Loss: 0.033885
Train Epoch: 13 [24960/60032 (42%)]	Loss: 0.004238
Train Epoch: 13 [26880/60032 (45%)]	Loss: 0.007557
Train Epoch: 13 [28800/60032 (48%)]	Loss: 0.006707
Train Epoch: 13 [30720/60032 (51%)]	Loss: 0.002249
Train Epoch: 13 [32640/60032 (54%)]	Loss: 0.004754
Train Epoch: 13 [34560/60032 (58%)]	Loss: 0.077139
Train Epoch: 13 [36480/60032 (61%)]	Loss: 0.016139
Train Epoch: 13 [38400/60032 (64%)]	Loss: 0.008027
Train Epoch: 13 [40320/60032 (67%)]	Loss: 0.005848
Train Epoch: 13 [42240/60032 (70%)]	Loss: 0.009813
Train Epoch: 13 [44160/60032 (74%)]	Loss: 0.027433
Train Epoch: 13 [46080/60032 (77%)]	Loss: 0.024621
Train Epoch: 13 [48000/60032 (80%)]	Loss: 0.073216
Train Epoch: 13 [49920/60032 (83%)]	Loss: 0.003451
Train Epoch: 13 [51840/60032 (86%)]	Loss: 0.029240
Train Epoch: 13 [53760/60032 (90%)]	Loss: 0.046631
Train Epoch: 13 [55680/60032 (93%)]	Loss: 0.007586
Train Epoch: 13 [57600/60032 (96%)]	Loss: 0.021030
Train Epoch: 13 [59520/60032 (99%)]	Loss: 0.013238

Test set: Average loss: 0.0305, Accuracy: 9891/10000 (99%)

Train Epoch: 14 [0/60032 (0%)]	Loss: 0.007385
Train Epoch: 14 [1920/60032 (3%)]	Loss: 0.041882
Train Epoch: 14 [3840/60032 (6%)]	Loss: 0.005125
Train Epoch: 14 [5760/60032 (10%)]	Loss: 0.015521
Train Epoch: 14 [7680/60032 (13%)]	Loss: 0.005717
Train Epoch: 14 [9600/60032 (16%)]	Loss: 0.015418
Train Epoch: 14 [11520/60032 (19%)]	Loss: 0.012292
Train Epoch: 14 [13440/60032 (22%)]	Loss: 0.004790
Train Epoch: 14 [15360/60032 (26%)]	Loss: 0.065814
Train Epoch: 14 [17280/60032 (29%)]	Loss: 0.004907
Train Epoch: 14 [19200/60032 (32%)]	Loss: 0.018871
Train Epoch: 14 [21120/60032 (35%)]	Loss: 0.000895
Train Epoch: 14 [23040/60032 (38%)]	Loss: 0.085035
Train Epoch: 14 [24960/60032 (42%)]	Loss: 0.007548
Train Epoch: 14 [26880/60032 (45%)]	Loss: 0.008990
Train Epoch: 14 [28800/60032 (48%)]	Loss: 0.036387
Train Epoch: 14 [30720/60032 (51%)]	Loss: 0.007987
Train Epoch: 14 [32640/60032 (54%)]	Loss: 0.008848
Train Epoch: 14 [34560/60032 (58%)]	Loss: 0.031290
Train Epoch: 14 [36480/60032 (61%)]	Loss: 0.008507
Train Epoch: 14 [38400/60032 (64%)]	Loss: 0.022910
Train Epoch: 14 [40320/60032 (67%)]	Loss: 0.052295
Train Epoch: 14 [42240/60032 (70%)]	Loss: 0.007032
Train Epoch: 14 [44160/60032 (74%)]	Loss: 0.018799
Train Epoch: 14 [46080/60032 (77%)]	Loss: 0.090217
Train Epoch: 14 [48000/60032 (80%)]	Loss: 0.007396
Train Epoch: 14 [49920/60032 (83%)]	Loss: 0.040908
Train Epoch: 14 [51840/60032 (86%)]	Loss: 0.074566
Train Epoch: 14 [53760/60032 (90%)]	Loss: 0.008786
Train Epoch: 14 [55680/60032 (93%)]	Loss: 0.012071
Train Epoch: 14 [57600/60032 (96%)]	Loss: 0.006489
Train Epoch: 14 [59520/60032 (99%)]	Loss: 0.019812

Test set: Average loss: 0.0314, Accuracy: 9888/10000 (99%)

Train Epoch: 15 [0/60032 (0%)]	Loss: 0.014747
Train Epoch: 15 [1920/60032 (3%)]	Loss: 0.003566
Train Epoch: 15 [3840/60032 (6%)]	Loss: 0.017683
Train Epoch: 15 [5760/60032 (10%)]	Loss: 0.006193
Train Epoch: 15 [7680/60032 (13%)]	Loss: 0.111713
Train Epoch: 15 [9600/60032 (16%)]	Loss: 0.022351
Train Epoch: 15 [11520/60032 (19%)]	Loss: 0.021019
Train Epoch: 15 [13440/60032 (22%)]	Loss: 0.006209
Train Epoch: 15 [15360/60032 (26%)]	Loss: 0.012133
Train Epoch: 15 [17280/60032 (29%)]	Loss: 0.002138
Train Epoch: 15 [19200/60032 (32%)]	Loss: 0.016830
Train Epoch: 15 [21120/60032 (35%)]	Loss: 0.007634
Train Epoch: 15 [23040/60032 (38%)]	Loss: 0.011343
Train Epoch: 15 [24960/60032 (42%)]	Loss: 0.006248
Train Epoch: 15 [26880/60032 (45%)]	Loss: 0.045669
Train Epoch: 15 [28800/60032 (48%)]	Loss: 0.003432
Train Epoch: 15 [30720/60032 (51%)]	Loss: 0.031000
Train Epoch: 15 [32640/60032 (54%)]	Loss: 0.006603
Train Epoch: 15 [34560/60032 (58%)]	Loss: 0.181191
Train Epoch: 15 [36480/60032 (61%)]	Loss: 0.046012
Train Epoch: 15 [38400/60032 (64%)]	Loss: 0.072448
Train Epoch: 15 [40320/60032 (67%)]	Loss: 0.009629
Train Epoch: 15 [42240/60032 (70%)]	Loss: 0.026100
Train Epoch: 15 [44160/60032 (74%)]	Loss: 0.001368
Train Epoch: 15 [46080/60032 (77%)]	Loss: 0.030692
Train Epoch: 15 [48000/60032 (80%)]	Loss: 0.018375
Train Epoch: 15 [49920/60032 (83%)]	Loss: 0.002760
Train Epoch: 15 [51840/60032 (86%)]	Loss: 0.014230
Train Epoch: 15 [53760/60032 (90%)]	Loss: 0.012977
Train Epoch: 15 [55680/60032 (93%)]	Loss: 0.032123
Train Epoch: 15 [57600/60032 (96%)]	Loss: 0.013993
Train Epoch: 15 [59520/60032 (99%)]	Loss: 0.052815

Test set: Average loss: 0.0319, Accuracy: 9892/10000 (99%)

Train Epoch: 16 [0/60032 (0%)]	Loss: 0.005928
Train Epoch: 16 [1920/60032 (3%)]	Loss: 0.023643
Train Epoch: 16 [3840/60032 (6%)]	Loss: 0.017992
Train Epoch: 16 [5760/60032 (10%)]	Loss: 0.037008
Train Epoch: 16 [7680/60032 (13%)]	Loss: 0.040632
Train Epoch: 16 [9600/60032 (16%)]	Loss: 0.006297
Train Epoch: 16 [11520/60032 (19%)]	Loss: 0.001036
Train Epoch: 16 [13440/60032 (22%)]	Loss: 0.001548
Train Epoch: 16 [15360/60032 (26%)]	Loss: 0.002840
Train Epoch: 16 [17280/60032 (29%)]	Loss: 0.006932
Train Epoch: 16 [19200/60032 (32%)]	Loss: 0.056104
Train Epoch: 16 [21120/60032 (35%)]	Loss: 0.022853
Train Epoch: 16 [23040/60032 (38%)]	Loss: 0.000971
Train Epoch: 16 [24960/60032 (42%)]	Loss: 0.006944
Train Epoch: 16 [26880/60032 (45%)]	Loss: 0.003320
Train Epoch: 16 [28800/60032 (48%)]	Loss: 0.026266
Train Epoch: 16 [30720/60032 (51%)]	Loss: 0.020428
Train Epoch: 16 [32640/60032 (54%)]	Loss: 0.010736
Train Epoch: 16 [34560/60032 (58%)]	Loss: 0.002341
Train Epoch: 16 [36480/60032 (61%)]	Loss: 0.087501
Train Epoch: 16 [38400/60032 (64%)]	Loss: 0.038945
Train Epoch: 16 [40320/60032 (67%)]	Loss: 0.002306
Train Epoch: 16 [42240/60032 (70%)]	Loss: 0.057338
Train Epoch: 16 [44160/60032 (74%)]	Loss: 0.009855
Train Epoch: 16 [46080/60032 (77%)]	Loss: 0.131251
Train Epoch: 16 [48000/60032 (80%)]	Loss: 0.021866
Train Epoch: 16 [49920/60032 (83%)]	Loss: 0.007544
Train Epoch: 16 [51840/60032 (86%)]	Loss: 0.007883
Train Epoch: 16 [53760/60032 (90%)]	Loss: 0.088989
Train Epoch: 16 [55680/60032 (93%)]	Loss: 0.003736
Train Epoch: 16 [57600/60032 (96%)]	Loss: 0.023950
Train Epoch: 16 [59520/60032 (99%)]	Loss: 0.042369

Test set: Average loss: 0.0289, Accuracy: 9900/10000 (99%)

total time elapsed is  773.9420249462128
