Scanning and sending data to bob, alice...
Done!
Train Epoch: 1 [0/60032 (0%)]	Loss: 2.305134
Train Epoch: 1 [1920/60032 (3%)]	Loss: 2.156802
Train Epoch: 1 [3840/60032 (6%)]	Loss: 1.896587
Train Epoch: 1 [5760/60032 (10%)]	Loss: 1.440329
Train Epoch: 1 [7680/60032 (13%)]	Loss: 0.867023
Train Epoch: 1 [9600/60032 (16%)]	Loss: 0.654317
Train Epoch: 1 [11520/60032 (19%)]	Loss: 0.593098
Train Epoch: 1 [13440/60032 (22%)]	Loss: 0.455327
Train Epoch: 1 [15360/60032 (26%)]	Loss: 0.371130
Train Epoch: 1 [17280/60032 (29%)]	Loss: 0.304581
Train Epoch: 1 [19200/60032 (32%)]	Loss: 0.314204
Train Epoch: 1 [21120/60032 (35%)]	Loss: 0.369250
Train Epoch: 1 [23040/60032 (38%)]	Loss: 0.237998
Train Epoch: 1 [24960/60032 (42%)]	Loss: 0.187592
Train Epoch: 1 [26880/60032 (45%)]	Loss: 0.523323
Train Epoch: 1 [28800/60032 (48%)]	Loss: 0.225017
Train Epoch: 1 [30720/60032 (51%)]	Loss: 0.174706
Train Epoch: 1 [32640/60032 (54%)]	Loss: 0.200164
Train Epoch: 1 [34560/60032 (58%)]	Loss: 0.208868
Train Epoch: 1 [36480/60032 (61%)]	Loss: 0.312140
Train Epoch: 1 [38400/60032 (64%)]	Loss: 0.138904
Train Epoch: 1 [40320/60032 (67%)]	Loss: 0.333232
Train Epoch: 1 [42240/60032 (70%)]	Loss: 0.186592
Train Epoch: 1 [44160/60032 (74%)]	Loss: 0.199080
Train Epoch: 1 [46080/60032 (77%)]	Loss: 0.251701
Train Epoch: 1 [48000/60032 (80%)]	Loss: 0.419921
Train Epoch: 1 [49920/60032 (83%)]	Loss: 0.274839
Train Epoch: 1 [51840/60032 (86%)]	Loss: 0.055349
Train Epoch: 1 [53760/60032 (90%)]	Loss: 0.164475
Train Epoch: 1 [55680/60032 (93%)]	Loss: 0.279811
Train Epoch: 1 [57600/60032 (96%)]	Loss: 0.069387
Train Epoch: 1 [59520/60032 (99%)]	Loss: 0.109448

Test set: Average loss: 0.1535, Accuracy: 9530/10000 (95%)

Train Epoch: 2 [0/60032 (0%)]	Loss: 0.113887
Train Epoch: 2 [1920/60032 (3%)]	Loss: 0.106774
Train Epoch: 2 [3840/60032 (6%)]	Loss: 0.179945
Train Epoch: 2 [5760/60032 (10%)]	Loss: 0.089999
Train Epoch: 2 [7680/60032 (13%)]	Loss: 0.126628
Train Epoch: 2 [9600/60032 (16%)]	Loss: 0.138485
Train Epoch: 2 [11520/60032 (19%)]	Loss: 0.087648
Train Epoch: 2 [13440/60032 (22%)]	Loss: 0.075367
Train Epoch: 2 [15360/60032 (26%)]	Loss: 0.074991
Train Epoch: 2 [17280/60032 (29%)]	Loss: 0.169667
Train Epoch: 2 [19200/60032 (32%)]	Loss: 0.105804
Train Epoch: 2 [21120/60032 (35%)]	Loss: 0.153703
Train Epoch: 2 [23040/60032 (38%)]	Loss: 0.174676
Train Epoch: 2 [24960/60032 (42%)]	Loss: 0.242372
Train Epoch: 2 [26880/60032 (45%)]	Loss: 0.258917
Train Epoch: 2 [28800/60032 (48%)]	Loss: 0.103551
Train Epoch: 2 [30720/60032 (51%)]	Loss: 0.046845
Train Epoch: 2 [32640/60032 (54%)]	Loss: 0.165408
Train Epoch: 2 [34560/60032 (58%)]	Loss: 0.132330
Train Epoch: 2 [36480/60032 (61%)]	Loss: 0.079834
Train Epoch: 2 [38400/60032 (64%)]	Loss: 0.231222
Train Epoch: 2 [40320/60032 (67%)]	Loss: 0.097241
Train Epoch: 2 [42240/60032 (70%)]	Loss: 0.144596
Train Epoch: 2 [44160/60032 (74%)]	Loss: 0.048786
Train Epoch: 2 [46080/60032 (77%)]	Loss: 0.071466
Train Epoch: 2 [48000/60032 (80%)]	Loss: 0.068064
Train Epoch: 2 [49920/60032 (83%)]	Loss: 0.133559
Train Epoch: 2 [51840/60032 (86%)]	Loss: 0.037036
Train Epoch: 2 [53760/60032 (90%)]	Loss: 0.064587
Train Epoch: 2 [55680/60032 (93%)]	Loss: 0.148524
Train Epoch: 2 [57600/60032 (96%)]	Loss: 0.140732
Train Epoch: 2 [59520/60032 (99%)]	Loss: 0.068041

Test set: Average loss: 0.0899, Accuracy: 9730/10000 (97%)

Train Epoch: 3 [0/60032 (0%)]	Loss: 0.093054
Train Epoch: 3 [1920/60032 (3%)]	Loss: 0.043840
Train Epoch: 3 [3840/60032 (6%)]	Loss: 0.198715
Train Epoch: 3 [5760/60032 (10%)]	Loss: 0.067736
Train Epoch: 3 [7680/60032 (13%)]	Loss: 0.130487
Train Epoch: 3 [9600/60032 (16%)]	Loss: 0.255407
Train Epoch: 3 [11520/60032 (19%)]	Loss: 0.257782
Train Epoch: 3 [13440/60032 (22%)]	Loss: 0.064262
Train Epoch: 3 [15360/60032 (26%)]	Loss: 0.229866
Train Epoch: 3 [17280/60032 (29%)]	Loss: 0.186008
Train Epoch: 3 [19200/60032 (32%)]	Loss: 0.039081
Train Epoch: 3 [21120/60032 (35%)]	Loss: 0.050824
Train Epoch: 3 [23040/60032 (38%)]	Loss: 0.078507
Train Epoch: 3 [24960/60032 (42%)]	Loss: 0.020826
Train Epoch: 3 [26880/60032 (45%)]	Loss: 0.401790
Train Epoch: 3 [28800/60032 (48%)]	Loss: 0.098533
Train Epoch: 3 [30720/60032 (51%)]	Loss: 0.072531
Train Epoch: 3 [32640/60032 (54%)]	Loss: 0.025906
Train Epoch: 3 [34560/60032 (58%)]	Loss: 0.100815
Train Epoch: 3 [36480/60032 (61%)]	Loss: 0.035582
Train Epoch: 3 [38400/60032 (64%)]	Loss: 0.016315
Train Epoch: 3 [40320/60032 (67%)]	Loss: 0.093863
Train Epoch: 3 [42240/60032 (70%)]	Loss: 0.127369
Train Epoch: 3 [44160/60032 (74%)]	Loss: 0.068409
Train Epoch: 3 [46080/60032 (77%)]	Loss: 0.091947
Train Epoch: 3 [48000/60032 (80%)]	Loss: 0.019958
Train Epoch: 3 [49920/60032 (83%)]	Loss: 0.056381
Train Epoch: 3 [51840/60032 (86%)]	Loss: 0.037368
Train Epoch: 3 [53760/60032 (90%)]	Loss: 0.064547
Train Epoch: 3 [55680/60032 (93%)]	Loss: 0.061454
Train Epoch: 3 [57600/60032 (96%)]	Loss: 0.041012
Train Epoch: 3 [59520/60032 (99%)]	Loss: 0.594267

Test set: Average loss: 0.0756, Accuracy: 9754/10000 (98%)

Train Epoch: 4 [0/60032 (0%)]	Loss: 0.189510
Train Epoch: 4 [1920/60032 (3%)]	Loss: 0.071024
Train Epoch: 4 [3840/60032 (6%)]	Loss: 0.039696
Train Epoch: 4 [5760/60032 (10%)]	Loss: 0.115225
Train Epoch: 4 [7680/60032 (13%)]	Loss: 0.050016
Train Epoch: 4 [9600/60032 (16%)]	Loss: 0.019358
Train Epoch: 4 [11520/60032 (19%)]	Loss: 0.043501
Train Epoch: 4 [13440/60032 (22%)]	Loss: 0.154483
Train Epoch: 4 [15360/60032 (26%)]	Loss: 0.049596
Train Epoch: 4 [17280/60032 (29%)]	Loss: 0.039243
Train Epoch: 4 [19200/60032 (32%)]	Loss: 0.113837
Train Epoch: 4 [21120/60032 (35%)]	Loss: 0.014731
Train Epoch: 4 [23040/60032 (38%)]	Loss: 0.039608
Train Epoch: 4 [24960/60032 (42%)]	Loss: 0.191845
Train Epoch: 4 [26880/60032 (45%)]	Loss: 0.236906
Train Epoch: 4 [28800/60032 (48%)]	Loss: 0.083626
Train Epoch: 4 [30720/60032 (51%)]	Loss: 0.015707
Train Epoch: 4 [32640/60032 (54%)]	Loss: 0.212216
Train Epoch: 4 [34560/60032 (58%)]	Loss: 0.031654
Train Epoch: 4 [36480/60032 (61%)]	Loss: 0.018050
Train Epoch: 4 [38400/60032 (64%)]	Loss: 0.052533
Train Epoch: 4 [40320/60032 (67%)]	Loss: 0.066547
Train Epoch: 4 [42240/60032 (70%)]	Loss: 0.139225
Train Epoch: 4 [44160/60032 (74%)]	Loss: 0.079203
Train Epoch: 4 [46080/60032 (77%)]	Loss: 0.016434
Train Epoch: 4 [48000/60032 (80%)]	Loss: 0.020402
Train Epoch: 4 [49920/60032 (83%)]	Loss: 0.200444
Train Epoch: 4 [51840/60032 (86%)]	Loss: 0.101455
Train Epoch: 4 [53760/60032 (90%)]	Loss: 0.066771
Train Epoch: 4 [55680/60032 (93%)]	Loss: 0.079934
Train Epoch: 4 [57600/60032 (96%)]	Loss: 0.093773
Train Epoch: 4 [59520/60032 (99%)]	Loss: 0.018755

Test set: Average loss: 0.0565, Accuracy: 9807/10000 (98%)

total time elapsed is  201.26175117492676
